<?xml version="1.0" encoding="UTF-8"?>
<!-- Generated by org.testng.reporters.JUnitReportReporter -->
<testsuite hostname="LAPTOP-8UKHKL7O" failures="0" tests="2" name="com.bank.tests.LoginTest" time="4.644" errors="0" timestamp="2024-10-03T11:22:11 IST" skipped="0">
  <testcase classname="com.bank.tests.LoginTest" name="loginWithValidCredentials" time="2.825"/>
  <system-out/>
  <testcase classname="com.bank.tests.LoginTest" name="loginWithInvalidCredentials" time="1.819"/>
  <system-out/>
</testsuite> <!-- com.bank.tests.LoginTest -->
